<?xml version="1.0" encoding="UTF-8"?>
<testng-results skipped="0" failed="0" ignored="0" total="1" passed="1">
  <reporter-output>
  </reporter-output>
  <suite name="Default suite" duration-ms="43012" started-at="2019-03-06T04:31:15Z" finished-at="2019-03-06T04:31:58Z">
    <groups>
    </groups>
    <test name="Default test" duration-ms="43012" started-at="2019-03-06T04:31:15Z" finished-at="2019-03-06T04:31:58Z">
      <class name="testingRevision.HandlingCheckBoxTest">
        <test-method status="PASS" signature="test_radio()[pri:0, instance:testingRevision.HandlingCheckBoxTest@f6c48ac]" name="test_radio" duration-ms="42754" started-at="2019-03-06T10:01:15Z" finished-at="2019-03-06T10:01:58Z">
          <reporter-output>
          </reporter-output>
        </test-method> <!-- test_radio -->
      </class> <!-- testingRevision.HandlingCheckBoxTest -->
    </test> <!-- Default test -->
  </suite> <!-- Default suite -->
</testng-results>
